<?xml version="1.0" encoding="UTF-8"?>
<!-- Generated by org.testng.reporters.JUnitXMLReporter -->
<testsuite hostname="HIBACL44126" name="Test" tests="3" failures="1" timestamp="30 Sep 2018 13:07:59 GMT" time="71.388" errors="0">
  <testcase name="titlevalidation" time="0.217" classname="Academy.TitleValidationTest">
    <failure type="java.lang.AssertionError" message="expected [FEATURED COURSES] but found [FEATURED COURSES123]">
      <![CDATA[java.lang.AssertionError: expected [FEATURED COURSES] but found [FEATURED COURSES123]
	at Academy.TitleValidationTest.titlevalidation(TitleValidationTest.java:42)
	at org.apache.maven.surefire.testng.TestNGExecutor.run(TestNGExecutor.java:283)
	at org.apache.maven.surefire.testng.TestNGXmlTestSuite.execute(TestNGXmlTestSuite.java:75)
	at org.apache.maven.surefire.testng.TestNGProvider.invoke(TestNGProvider.java:120)
	at org.apache.maven.surefire.booter.ForkedBooter.invokeProviderInSameClassLoader(ForkedBooter.java:383)
	at org.apache.maven.surefire.booter.ForkedBooter.runSuitesInProcess(ForkedBooter.java:344)
	at org.apache.maven.surefire.booter.ForkedBooter.execute(ForkedBooter.java:125)
	at org.apache.maven.surefire.booter.ForkedBooter.main(ForkedBooter.java:417)
... Removed 26 stack frames]]>
    </failure>
  </testcase> <!-- titlevalidation -->
  <testcase name="basepagenavigation" time="13.924" classname="Academy.HomePageTest"/>
  <testcase name="basepagenavigation" time="11.278" classname="Academy.HomePageTest"/>
</testsuite> <!-- Test -->
