<?xml version="1.0" encoding="UTF-8"?>
<testng-results skipped="0" failed="1" total="3" passed="2">
  <reporter-output>
  </reporter-output>
  <suite name="Suite" duration-ms="71388" started-at="2018-09-30T13:06:48Z" finished-at="2018-09-30T13:07:59Z">
    <groups>
    </groups>
    <test name="Test" duration-ms="71388" started-at="2018-09-30T13:06:48Z" finished-at="2018-09-30T13:07:59Z">
      <class name="Academy.TitleValidationTest">
        <test-method status="PASS" signature="initialize()[pri:0, instance:Academy.TitleValidationTest@31c88ec8]" name="initialize" is-config="true" duration-ms="16352" started-at="2018-09-30T18:36:48Z" finished-at="2018-09-30T18:37:04Z">
          <reporter-output>
          </reporter-output>
        </test-method> <!-- initialize -->
        <test-method status="FAIL" signature="titlevalidation()[pri:0, instance:Academy.TitleValidationTest@31c88ec8]" name="titlevalidation" duration-ms="217" started-at="2018-09-30T18:37:04Z" finished-at="2018-09-30T18:37:04Z">
          <exception class="java.lang.AssertionError">
            <message>
              <![CDATA[expected [FEATURED COURSES] but found [FEATURED COURSES123]]]>
            </message>
            <full-stacktrace>
              <![CDATA[java.lang.AssertionError: expected [FEATURED COURSES] but found [FEATURED COURSES123]
	at org.testng.Assert.fail(Assert.java:94)
	at org.testng.Assert.failNotEquals(Assert.java:494)
	at org.testng.Assert.assertEquals(Assert.java:123)
	at org.testng.Assert.assertEquals(Assert.java:176)
	at org.testng.Assert.assertEquals(Assert.java:186)
	at Academy.TitleValidationTest.titlevalidation(TitleValidationTest.java:42)
	at sun.reflect.NativeMethodAccessorImpl.invoke0(Native Method)
	at sun.reflect.NativeMethodAccessorImpl.invoke(NativeMethodAccessorImpl.java:62)
	at sun.reflect.DelegatingMethodAccessorImpl.invoke(DelegatingMethodAccessorImpl.java:43)
	at java.lang.reflect.Method.invoke(Method.java:498)
	at org.testng.internal.MethodInvocationHelper.invokeMethod(MethodInvocationHelper.java:80)
	at org.testng.internal.Invoker.invokeMethod(Invoker.java:714)
	at org.testng.internal.Invoker.invokeTestMethod(Invoker.java:901)
	at org.testng.internal.Invoker.invokeTestMethods(Invoker.java:1231)
	at org.testng.internal.TestMethodWorker.invokeTestMethods(TestMethodWorker.java:127)
	at org.testng.internal.TestMethodWorker.run(TestMethodWorker.java:111)
	at org.testng.TestRunner.privateRun(TestRunner.java:767)
	at org.testng.TestRunner.run(TestRunner.java:617)
	at org.testng.SuiteRunner.runTest(SuiteRunner.java:334)
	at org.testng.SuiteRunner.runSequentially(SuiteRunner.java:329)
	at org.testng.SuiteRunner.privateRun(SuiteRunner.java:291)
	at org.testng.SuiteRunner.run(SuiteRunner.java:240)
	at org.testng.SuiteRunnerWorker.runSuite(SuiteRunnerWorker.java:52)
	at org.testng.SuiteRunnerWorker.run(SuiteRunnerWorker.java:86)
	at org.testng.TestNG.runSuitesSequentially(TestNG.java:1198)
	at org.testng.TestNG.runSuitesLocally(TestNG.java:1123)
	at org.testng.TestNG.run(TestNG.java:1031)
	at org.apache.maven.surefire.testng.TestNGExecutor.run(TestNGExecutor.java:283)
	at org.apache.maven.surefire.testng.TestNGXmlTestSuite.execute(TestNGXmlTestSuite.java:75)
	at org.apache.maven.surefire.testng.TestNGProvider.invoke(TestNGProvider.java:120)
	at org.apache.maven.surefire.booter.ForkedBooter.invokeProviderInSameClassLoader(ForkedBooter.java:383)
	at org.apache.maven.surefire.booter.ForkedBooter.runSuitesInProcess(ForkedBooter.java:344)
	at org.apache.maven.surefire.booter.ForkedBooter.execute(ForkedBooter.java:125)
	at org.apache.maven.surefire.booter.ForkedBooter.main(ForkedBooter.java:417)
]]>
            </full-stacktrace>
          </exception> <!-- java.lang.AssertionError -->
          <reporter-output>
          </reporter-output>
        </test-method> <!-- titlevalidation -->
        <test-method status="PASS" signature="teardown()[pri:0, instance:Academy.TitleValidationTest@31c88ec8]" name="teardown" is-config="true" duration-ms="171" started-at="2018-09-30T18:37:05Z" finished-at="2018-09-30T18:37:05Z">
          <reporter-output>
          </reporter-output>
        </test-method> <!-- teardown -->
      </class> <!-- Academy.TitleValidationTest -->
      <class name="Academy.HomePageTest">
        <test-method status="PASS" signature="initialize()[pri:0, instance:Academy.HomePageTest@619713e5]" name="initialize" is-config="true" duration-ms="15134" started-at="2018-09-30T18:37:05Z" finished-at="2018-09-30T18:37:20Z">
          <reporter-output>
          </reporter-output>
        </test-method> <!-- initialize -->
        <test-method status="PASS" signature="basepagenavigation(java.lang.String, java.lang.String)[pri:0, instance:Academy.HomePageTest@619713e5]" name="basepagenavigation" duration-ms="13924" started-at="2018-09-30T18:37:20Z" data-provider="getdata" finished-at="2018-09-30T18:37:34Z">
          <params>
            <param index="0">
              <value>
                <![CDATA[nonrestricteduser@gmail.com]]>
              </value>
            </param>
            <param index="1">
              <value>
                <![CDATA[123456]]>
              </value>
            </param>
          </params>
          <reporter-output>
          </reporter-output>
        </test-method> <!-- basepagenavigation -->
        <test-method status="PASS" signature="teardown()[pri:0, instance:Academy.HomePageTest@619713e5]" name="teardown" is-config="true" duration-ms="150" started-at="2018-09-30T18:37:34Z" finished-at="2018-09-30T18:37:34Z">
          <reporter-output>
          </reporter-output>
        </test-method> <!-- teardown -->
        <test-method status="PASS" signature="initialize()[pri:0, instance:Academy.HomePageTest@619713e5]" name="initialize" is-config="true" duration-ms="13122" started-at="2018-09-30T18:37:34Z" finished-at="2018-09-30T18:37:48Z">
          <reporter-output>
          </reporter-output>
        </test-method> <!-- initialize -->
        <test-method status="PASS" signature="basepagenavigation(java.lang.String, java.lang.String)[pri:0, instance:Academy.HomePageTest@619713e5]" name="basepagenavigation" duration-ms="11278" started-at="2018-09-30T18:37:48Z" data-provider="getdata" finished-at="2018-09-30T18:37:59Z">
          <params>
            <param index="0">
              <value>
                <![CDATA[restricteduser@gmail.com]]>
              </value>
            </param>
            <param index="1">
              <value>
                <![CDATA[12345678]]>
              </value>
            </param>
          </params>
          <reporter-output>
          </reporter-output>
        </test-method> <!-- basepagenavigation -->
        <test-method status="PASS" signature="teardown()[pri:0, instance:Academy.HomePageTest@619713e5]" name="teardown" is-config="true" duration-ms="223" started-at="2018-09-30T18:37:59Z" finished-at="2018-09-30T18:37:59Z">
          <reporter-output>
          </reporter-output>
        </test-method> <!-- teardown -->
      </class> <!-- Academy.HomePageTest -->
    </test> <!-- Test -->
  </suite> <!-- Suite -->
</testng-results>
